2024-08-16 16:20:28 INFO  Post method Started
2024-08-16 16:20:40 INFO  Post method Ended
2024-08-16 16:20:40 INFO  Get method Started
2024-08-16 16:20:41 INFO  Get method Ended
2024-08-16 16:20:41 INFO  Put method Started
2024-08-16 16:20:42 INFO  Get method Started
2024-08-16 16:20:43 INFO  Get method Ended
2024-08-16 16:20:43 INFO  Put method Ended
2024-08-16 16:20:43 INFO  Delete method Started
2024-08-16 16:20:45 INFO  Delete method Ended
2024-08-16 16:22:20 DEBUG Post method Started
2024-08-16 16:22:25 DEBUG Post method Ended
2024-08-16 16:22:25 INFO  Get method Started
2024-08-16 16:22:26 INFO  Get method Ended
2024-08-16 16:22:26 INFO  Put method Started
2024-08-16 16:22:28 INFO  Get method Started
2024-08-16 16:22:29 INFO  Get method Ended
2024-08-16 16:22:29 INFO  Put method Ended
2024-08-16 16:22:29 INFO  Delete method Started
2024-08-16 16:22:30 INFO  Delete method Ended
2024-08-16 16:23:53 DEBUG Post method Started
2024-08-16 16:24:09 INFO  Get method Started
2024-08-16 16:24:09 INFO  Put method Started
2024-08-16 16:24:09 INFO  Delete method Started
2024-08-16 16:25:28 DEBUG Post method Started
2024-08-16 16:25:33 DEBUG Post method Ended
2024-08-16 16:25:34 INFO  Get method Started
2024-08-16 16:25:35 INFO  Get method Ended
2024-08-16 16:25:35 INFO  Put method Started
2024-08-16 16:25:36 INFO  Get method Started
2024-08-16 16:25:37 INFO  Get method Ended
2024-08-16 16:25:37 INFO  Put method Ended
2024-08-16 16:25:37 INFO  Delete method Started
2024-08-16 16:25:38 INFO  Delete method Ended
2024-08-16 16:28:10 DEBUG Post method Started
2024-08-16 16:28:16 DEBUG Post method Ended
2024-08-16 16:28:16 INFO  Get method Started
2024-08-16 16:28:17 INFO  Get method Ended
2024-08-16 16:28:17 INFO  Put method Started
2024-08-16 16:28:18 INFO  Get method Started
2024-08-16 16:28:19 INFO  Get method Ended
2024-08-16 16:28:19 INFO  Put method Ended
2024-08-16 16:28:19 INFO  Delete method Started
2024-08-16 16:28:20 INFO  Delete method Ended
2024-08-16 16:31:32 DEBUG Post method Started
2024-08-16 16:31:39 DEBUG Post method Ended
2024-08-16 16:31:39 INFO  Get method Started
2024-08-16 16:31:40 INFO  Get method Ended
2024-08-16 16:31:40 INFO  Put method Started
2024-08-16 16:31:41 INFO  Get method Started
2024-08-16 16:31:42 INFO  Get method Ended
2024-08-16 16:31:42 INFO  Put method Ended
2024-08-16 16:31:42 INFO  Delete method Started
2024-08-16 16:31:43 INFO  Delete method Ended
2024-08-16 17:23:46 INFO  Post method Started
2024-08-16 17:23:48 INFO  Get method Started
2024-08-16 17:23:48 INFO  Put method Started
2024-08-16 17:23:48 INFO  Delete method Started
2024-08-16 17:29:35 INFO  Post method Started
2024-08-16 17:29:42 INFO  Post method Ended
2024-08-16 17:29:42 INFO  Get method Started
2024-08-16 17:29:43 INFO  Get method Ended
2024-08-16 17:29:43 INFO  Put method Started
2024-08-16 17:29:45 INFO  Get method Started
2024-08-16 17:29:46 INFO  Get method Ended
2024-08-16 17:29:46 INFO  Put method Ended
2024-08-16 17:29:46 INFO  Delete method Started
2024-08-16 17:29:47 INFO  Delete method Ended
2024-08-16 17:29:47 INFO  Post method Started
2024-08-16 17:29:47 INFO  Get method Started
2024-08-16 17:29:47 INFO  Put method Started
2024-08-16 17:29:47 INFO  Delete method Started
2024-08-16 17:46:38 INFO  Post method Started
2024-08-16 17:46:38 INFO  Get method Started
2024-08-16 17:46:38 INFO  Put method Started
2024-08-16 17:46:38 INFO  Delete method Started
2024-08-16 17:48:41 INFO  Post method Started
2024-08-16 17:48:41 INFO  Get method Started
2024-08-16 17:48:41 INFO  Put method Started
2024-08-16 17:48:41 INFO  Delete method Started
2024-08-16 17:49:21 INFO  Post method Started
2024-08-16 17:49:23 INFO  Get method Started
2024-08-16 17:49:23 INFO  Put method Started
2024-08-16 17:49:23 INFO  Delete method Started
2024-08-16 18:12:34 INFO  Post method Started
2024-08-16 18:12:34 INFO  Get method Started
2024-08-16 18:12:34 INFO  Put method Started
2024-08-16 18:12:34 INFO  Delete method Started
2024-08-16 18:14:15 INFO  Post method Started
2024-08-16 18:14:17 INFO  Get method Started
2024-08-16 18:14:17 INFO  Put method Started
2024-08-16 18:14:17 INFO  Delete method Started
2024-08-16 18:15:46 INFO  Post method Started
2024-08-16 18:15:53 INFO  Post method Ended
2024-08-16 18:15:53 INFO  Get method Started
2024-08-16 18:15:54 INFO  Get method Ended
2024-08-16 18:15:54 INFO  Put method Started
2024-08-16 18:15:55 INFO  Get method Started
2024-08-16 18:15:56 INFO  Get method Ended
2024-08-16 18:15:56 INFO  Put method Ended
2024-08-16 18:15:56 INFO  Delete method Started
2024-08-16 18:15:57 INFO  Delete method Ended
2024-08-16 18:20:00 INFO  Post method Started
2024-08-16 18:20:07 INFO  Post method Ended
2024-08-16 18:20:07 INFO  Get method Started
2024-08-16 18:20:08 INFO  Get method Ended
2024-08-16 18:20:08 INFO  Put method Started
2024-08-16 18:20:09 INFO  Get method Started
2024-08-16 18:20:10 INFO  Get method Ended
2024-08-16 18:20:10 INFO  Put method Ended
2024-08-16 18:20:10 INFO  Delete method Started
2024-08-16 18:20:12 INFO  Delete method Ended
2024-08-16 18:36:48 DEBUG Parsing relationship: /xl/_rels/workbook.xml.rels
2024-08-16 18:36:48 DEBUG Parsing relationship: /xl/worksheets/_rels/sheet1.xml.rels
2024-08-16 18:36:48 DEBUG Parsing relationship: /_rels/.rels
2024-08-16 18:36:49 DEBUG Parsing relationship: /xl/_rels/workbook.xml.rels
2024-08-16 18:36:49 DEBUG Parsing relationship: /xl/worksheets/_rels/sheet1.xml.rels
2024-08-16 18:36:49 DEBUG Parsing relationship: /_rels/.rels
2024-08-16 18:36:49 DEBUG Parsing relationship: /xl/_rels/workbook.xml.rels
2024-08-16 18:36:49 DEBUG Parsing relationship: /xl/worksheets/_rels/sheet1.xml.rels
2024-08-16 18:36:49 DEBUG Parsing relationship: /_rels/.rels
2024-08-16 18:36:49 DEBUG Parsing relationship: /xl/_rels/workbook.xml.rels
2024-08-16 18:36:49 DEBUG Parsing relationship: /xl/worksheets/_rels/sheet1.xml.rels
2024-08-16 18:36:49 DEBUG Parsing relationship: /_rels/.rels
2024-08-16 18:36:49 DEBUG Parsing relationship: /xl/_rels/workbook.xml.rels
2024-08-16 18:36:49 DEBUG Parsing relationship: /xl/worksheets/_rels/sheet1.xml.rels
2024-08-16 18:36:49 DEBUG Parsing relationship: /_rels/.rels
2024-08-16 18:36:49 DEBUG Parsing relationship: /xl/_rels/workbook.xml.rels
2024-08-16 18:36:49 DEBUG Parsing relationship: /xl/worksheets/_rels/sheet1.xml.rels
2024-08-16 18:36:49 DEBUG Parsing relationship: /_rels/.rels
2024-08-16 18:36:49 DEBUG Parsing relationship: /xl/_rels/workbook.xml.rels
2024-08-16 18:36:49 DEBUG Parsing relationship: /xl/worksheets/_rels/sheet1.xml.rels
2024-08-16 18:36:49 DEBUG Parsing relationship: /_rels/.rels
2024-08-16 18:36:49 DEBUG Parsing relationship: /xl/_rels/workbook.xml.rels
2024-08-16 18:36:49 DEBUG Parsing relationship: /xl/worksheets/_rels/sheet1.xml.rels
2024-08-16 18:36:49 DEBUG Parsing relationship: /_rels/.rels
2024-08-16 18:36:49 DEBUG Parsing relationship: /xl/_rels/workbook.xml.rels
2024-08-16 18:36:49 DEBUG Parsing relationship: /xl/worksheets/_rels/sheet1.xml.rels
2024-08-16 18:36:49 DEBUG Parsing relationship: /_rels/.rels
2024-08-16 18:36:49 DEBUG Parsing relationship: /xl/_rels/workbook.xml.rels
2024-08-16 18:36:49 DEBUG Parsing relationship: /xl/worksheets/_rels/sheet1.xml.rels
2024-08-16 18:36:49 DEBUG Parsing relationship: /_rels/.rels
2024-08-16 18:36:49 DEBUG Parsing relationship: /xl/_rels/workbook.xml.rels
2024-08-16 18:36:49 DEBUG Parsing relationship: /xl/worksheets/_rels/sheet1.xml.rels
2024-08-16 18:36:49 DEBUG Parsing relationship: /_rels/.rels
2024-08-16 18:36:49 DEBUG Parsing relationship: /xl/_rels/workbook.xml.rels
2024-08-16 18:36:49 DEBUG Parsing relationship: /xl/worksheets/_rels/sheet1.xml.rels
2024-08-16 18:36:49 DEBUG Parsing relationship: /_rels/.rels
2024-08-16 18:36:49 DEBUG Parsing relationship: /xl/_rels/workbook.xml.rels
2024-08-16 18:36:49 DEBUG Parsing relationship: /xl/worksheets/_rels/sheet1.xml.rels
2024-08-16 18:36:49 DEBUG Parsing relationship: /_rels/.rels
2024-08-16 18:36:49 DEBUG Parsing relationship: /xl/_rels/workbook.xml.rels
2024-08-16 18:36:49 DEBUG Parsing relationship: /xl/worksheets/_rels/sheet1.xml.rels
2024-08-16 18:36:49 DEBUG Parsing relationship: /_rels/.rels
2024-08-16 18:36:49 DEBUG Parsing relationship: /xl/_rels/workbook.xml.rels
2024-08-16 18:36:49 DEBUG Parsing relationship: /xl/worksheets/_rels/sheet1.xml.rels
2024-08-16 18:36:49 DEBUG Parsing relationship: /_rels/.rels
2024-08-16 18:36:50 DEBUG Parsing relationship: /xl/_rels/workbook.xml.rels
2024-08-16 18:36:50 DEBUG Parsing relationship: /xl/worksheets/_rels/sheet1.xml.rels
2024-08-16 18:36:50 DEBUG Parsing relationship: /_rels/.rels
2024-08-16 18:36:50 DEBUG Parsing relationship: /xl/_rels/workbook.xml.rels
2024-08-16 18:36:50 DEBUG Parsing relationship: /xl/worksheets/_rels/sheet1.xml.rels
2024-08-16 18:36:50 DEBUG Parsing relationship: /_rels/.rels
2024-08-16 18:36:50 DEBUG Parsing relationship: /xl/_rels/workbook.xml.rels
2024-08-16 18:36:50 DEBUG Parsing relationship: /xl/worksheets/_rels/sheet1.xml.rels
2024-08-16 18:36:50 DEBUG Parsing relationship: /_rels/.rels
2024-08-16 18:36:50 DEBUG Parsing relationship: /xl/_rels/workbook.xml.rels
2024-08-16 18:36:50 DEBUG Parsing relationship: /xl/worksheets/_rels/sheet1.xml.rels
2024-08-16 18:36:50 DEBUG Parsing relationship: /_rels/.rels
2024-08-16 18:36:50 DEBUG Parsing relationship: /xl/_rels/workbook.xml.rels
2024-08-16 18:36:50 DEBUG Parsing relationship: /xl/worksheets/_rels/sheet1.xml.rels
2024-08-16 18:36:50 DEBUG Parsing relationship: /_rels/.rels
2024-08-16 18:36:50 DEBUG Parsing relationship: /xl/_rels/workbook.xml.rels
2024-08-16 18:36:50 DEBUG Parsing relationship: /xl/worksheets/_rels/sheet1.xml.rels
2024-08-16 18:36:50 DEBUG Parsing relationship: /_rels/.rels
2024-08-16 18:36:50 DEBUG Parsing relationship: /xl/_rels/workbook.xml.rels
2024-08-16 18:36:50 DEBUG Parsing relationship: /xl/worksheets/_rels/sheet1.xml.rels
2024-08-16 18:36:50 DEBUG Parsing relationship: /_rels/.rels
2024-08-16 18:36:50 DEBUG Parsing relationship: /xl/_rels/workbook.xml.rels
2024-08-16 18:36:50 DEBUG Parsing relationship: /xl/worksheets/_rels/sheet1.xml.rels
2024-08-16 18:36:50 DEBUG Parsing relationship: /_rels/.rels
2024-08-16 18:36:50 DEBUG Parsing relationship: /xl/_rels/workbook.xml.rels
2024-08-16 18:36:50 DEBUG Parsing relationship: /xl/worksheets/_rels/sheet1.xml.rels
2024-08-16 18:36:50 DEBUG Parsing relationship: /_rels/.rels
2024-08-16 18:36:50 DEBUG Parsing relationship: /xl/_rels/workbook.xml.rels
2024-08-16 18:36:50 DEBUG Parsing relationship: /xl/worksheets/_rels/sheet1.xml.rels
2024-08-16 18:36:50 DEBUG Parsing relationship: /_rels/.rels
2024-08-16 18:36:50 DEBUG Parsing relationship: /xl/_rels/workbook.xml.rels
2024-08-16 18:36:50 DEBUG Parsing relationship: /xl/worksheets/_rels/sheet1.xml.rels
2024-08-16 18:36:50 DEBUG Parsing relationship: /_rels/.rels
2024-08-16 18:36:50 DEBUG Parsing relationship: /xl/_rels/workbook.xml.rels
2024-08-16 18:36:50 DEBUG Parsing relationship: /xl/worksheets/_rels/sheet1.xml.rels
2024-08-16 18:36:50 DEBUG Parsing relationship: /_rels/.rels
2024-08-16 18:36:50 DEBUG Parsing relationship: /xl/_rels/workbook.xml.rels
2024-08-16 18:36:50 DEBUG Parsing relationship: /xl/worksheets/_rels/sheet1.xml.rels
2024-08-16 18:36:50 DEBUG Parsing relationship: /_rels/.rels
2024-08-16 18:36:50 DEBUG Parsing relationship: /xl/_rels/workbook.xml.rels
2024-08-16 18:36:50 DEBUG Parsing relationship: /xl/worksheets/_rels/sheet1.xml.rels
2024-08-16 18:36:50 DEBUG Parsing relationship: /_rels/.rels
2024-08-16 18:36:50 DEBUG Parsing relationship: /xl/_rels/workbook.xml.rels
2024-08-16 18:36:50 DEBUG Parsing relationship: /xl/worksheets/_rels/sheet1.xml.rels
2024-08-16 18:36:50 DEBUG Parsing relationship: /_rels/.rels
2024-08-16 18:37:00 DEBUG Parsing relationship: /xl/_rels/workbook.xml.rels
2024-08-16 18:37:00 DEBUG Parsing relationship: /xl/worksheets/_rels/sheet1.xml.rels
2024-08-16 18:37:00 DEBUG Parsing relationship: /_rels/.rels
2024-08-16 18:37:00 DEBUG Parsing relationship: /xl/_rels/workbook.xml.rels
2024-08-16 18:37:00 DEBUG Parsing relationship: /xl/worksheets/_rels/sheet1.xml.rels
2024-08-16 18:37:00 DEBUG Parsing relationship: /_rels/.rels
2024-08-16 18:37:00 DEBUG Parsing relationship: /xl/_rels/workbook.xml.rels
2024-08-16 18:37:00 DEBUG Parsing relationship: /xl/worksheets/_rels/sheet1.xml.rels
2024-08-16 18:37:00 DEBUG Parsing relationship: /_rels/.rels
2024-08-16 18:37:00 DEBUG Parsing relationship: /xl/_rels/workbook.xml.rels
2024-08-16 18:37:00 DEBUG Parsing relationship: /xl/worksheets/_rels/sheet1.xml.rels
2024-08-16 18:37:00 DEBUG Parsing relationship: /_rels/.rels
2024-08-16 18:37:00 DEBUG Parsing relationship: /xl/_rels/workbook.xml.rels
2024-08-16 18:37:00 DEBUG Parsing relationship: /xl/worksheets/_rels/sheet1.xml.rels
2024-08-16 18:37:00 DEBUG Parsing relationship: /_rels/.rels
2024-08-16 18:37:04 DEBUG Parsing relationship: /xl/_rels/workbook.xml.rels
2024-08-16 18:37:04 DEBUG Parsing relationship: /xl/worksheets/_rels/sheet1.xml.rels
2024-08-16 18:37:04 DEBUG Parsing relationship: /_rels/.rels
2024-08-16 18:37:04 DEBUG Parsing relationship: /xl/_rels/workbook.xml.rels
2024-08-16 18:37:04 DEBUG Parsing relationship: /xl/worksheets/_rels/sheet1.xml.rels
2024-08-16 18:37:04 DEBUG Parsing relationship: /_rels/.rels
2024-08-16 18:37:04 DEBUG Parsing relationship: /xl/_rels/workbook.xml.rels
2024-08-16 18:37:04 DEBUG Parsing relationship: /xl/worksheets/_rels/sheet1.xml.rels
2024-08-16 18:37:04 DEBUG Parsing relationship: /_rels/.rels
2024-08-16 18:37:04 DEBUG Parsing relationship: /xl/_rels/workbook.xml.rels
2024-08-16 18:37:04 DEBUG Parsing relationship: /xl/worksheets/_rels/sheet1.xml.rels
2024-08-16 18:37:04 DEBUG Parsing relationship: /_rels/.rels
2024-08-16 18:37:04 DEBUG Parsing relationship: /xl/_rels/workbook.xml.rels
2024-08-16 18:37:04 DEBUG Parsing relationship: /xl/worksheets/_rels/sheet1.xml.rels
2024-08-16 18:37:04 DEBUG Parsing relationship: /_rels/.rels
2024-08-16 18:37:09 INFO  Post method Started
2024-08-16 18:37:10 INFO  Post method Ended
2024-08-16 18:37:10 INFO  Get method Started
2024-08-16 18:37:12 INFO  Get method Ended
2024-08-16 18:37:12 INFO  Put method Started
2024-08-16 18:37:13 INFO  Get method Started
2024-08-16 18:37:14 INFO  Get method Ended
2024-08-16 18:37:14 INFO  Put method Ended
2024-08-16 18:37:14 INFO  Delete method Started
2024-08-16 18:37:15 INFO  Delete method Ended
2024-08-16 18:44:22 INFO  Post method Started
2024-08-16 18:44:30 INFO  Post method Ended
2024-08-16 18:44:30 INFO  Get method Started
2024-08-16 18:44:31 INFO  Get method Ended
2024-08-16 18:44:31 INFO  Put method Started
2024-08-16 18:44:32 INFO  Get method Started
2024-08-16 18:44:33 INFO  Get method Ended
2024-08-16 18:44:33 INFO  Put method Ended
2024-08-16 18:44:33 INFO  Delete method Started
2024-08-16 18:44:34 INFO  Delete method Ended
2024-08-16 18:44:34 INFO  Post method Started
2024-08-16 18:44:36 INFO  Post method Ended
2024-08-16 18:44:36 INFO  Get method Started
2024-08-16 18:44:37 INFO  Get method Ended
2024-08-16 18:44:37 INFO  Put method Started
2024-08-16 18:44:38 INFO  Get method Started
2024-08-16 18:44:39 INFO  Get method Ended
2024-08-16 18:44:39 INFO  Put method Ended
2024-08-16 18:44:39 INFO  Delete method Started
2024-08-16 18:44:40 INFO  Delete method Ended
2024-08-16 18:45:16 INFO  Post method Started
2024-08-16 18:45:21 INFO  Post method Ended
2024-08-16 18:45:21 INFO  Get method Started
2024-08-16 18:45:22 INFO  Get method Ended
2024-08-16 18:45:22 INFO  Put method Started
2024-08-16 18:45:23 INFO  Get method Started
2024-08-16 18:45:24 INFO  Get method Ended
2024-08-16 18:45:24 INFO  Put method Ended
2024-08-16 18:45:24 INFO  Delete method Started
2024-08-16 18:45:25 INFO  Delete method Ended
2024-08-16 18:45:25 INFO  Post method Started
2024-08-16 18:45:27 INFO  Post method Ended
2024-08-16 18:45:27 INFO  Get method Started
2024-08-16 18:45:28 INFO  Get method Ended
2024-08-16 18:45:28 INFO  Put method Started
2024-08-16 18:45:29 INFO  Get method Started
2024-08-16 18:45:30 INFO  Get method Ended
2024-08-16 18:45:30 INFO  Put method Ended
2024-08-16 18:45:30 INFO  Delete method Started
2024-08-16 18:45:31 INFO  Delete method Ended
2024-08-16 18:45:32 DEBUG Parsing relationship: /xl/_rels/workbook.xml.rels
2024-08-16 18:45:32 DEBUG Parsing relationship: /xl/worksheets/_rels/sheet1.xml.rels
2024-08-16 18:45:32 DEBUG Parsing relationship: /_rels/.rels
2024-08-16 18:45:33 DEBUG Parsing relationship: /xl/_rels/workbook.xml.rels
2024-08-16 18:45:33 DEBUG Parsing relationship: /xl/worksheets/_rels/sheet1.xml.rels
2024-08-16 18:45:33 DEBUG Parsing relationship: /_rels/.rels
2024-08-16 18:45:33 DEBUG Parsing relationship: /xl/_rels/workbook.xml.rels
2024-08-16 18:45:33 DEBUG Parsing relationship: /xl/worksheets/_rels/sheet1.xml.rels
2024-08-16 18:45:33 DEBUG Parsing relationship: /_rels/.rels
2024-08-16 18:45:33 DEBUG Parsing relationship: /xl/_rels/workbook.xml.rels
2024-08-16 18:45:33 DEBUG Parsing relationship: /xl/worksheets/_rels/sheet1.xml.rels
2024-08-16 18:45:33 DEBUG Parsing relationship: /_rels/.rels
2024-08-16 18:45:33 DEBUG Parsing relationship: /xl/_rels/workbook.xml.rels
2024-08-16 18:45:33 DEBUG Parsing relationship: /xl/worksheets/_rels/sheet1.xml.rels
2024-08-16 18:45:33 DEBUG Parsing relationship: /_rels/.rels
2024-08-16 18:45:33 DEBUG Parsing relationship: /xl/_rels/workbook.xml.rels
2024-08-16 18:45:33 DEBUG Parsing relationship: /xl/worksheets/_rels/sheet1.xml.rels
2024-08-16 18:45:33 DEBUG Parsing relationship: /_rels/.rels
2024-08-16 18:45:33 DEBUG Parsing relationship: /xl/_rels/workbook.xml.rels
2024-08-16 18:45:33 DEBUG Parsing relationship: /xl/worksheets/_rels/sheet1.xml.rels
2024-08-16 18:45:33 DEBUG Parsing relationship: /_rels/.rels
2024-08-16 18:45:33 DEBUG Parsing relationship: /xl/_rels/workbook.xml.rels
2024-08-16 18:45:33 DEBUG Parsing relationship: /xl/worksheets/_rels/sheet1.xml.rels
2024-08-16 18:45:33 DEBUG Parsing relationship: /_rels/.rels
2024-08-16 18:45:33 DEBUG Parsing relationship: /xl/_rels/workbook.xml.rels
2024-08-16 18:45:33 DEBUG Parsing relationship: /xl/worksheets/_rels/sheet1.xml.rels
2024-08-16 18:45:33 DEBUG Parsing relationship: /_rels/.rels
2024-08-16 18:45:33 DEBUG Parsing relationship: /xl/_rels/workbook.xml.rels
2024-08-16 18:45:33 DEBUG Parsing relationship: /xl/worksheets/_rels/sheet1.xml.rels
2024-08-16 18:45:33 DEBUG Parsing relationship: /_rels/.rels
2024-08-16 18:45:33 DEBUG Parsing relationship: /xl/_rels/workbook.xml.rels
2024-08-16 18:45:33 DEBUG Parsing relationship: /xl/worksheets/_rels/sheet1.xml.rels
2024-08-16 18:45:33 DEBUG Parsing relationship: /_rels/.rels
2024-08-16 18:45:33 DEBUG Parsing relationship: /xl/_rels/workbook.xml.rels
2024-08-16 18:45:33 DEBUG Parsing relationship: /xl/worksheets/_rels/sheet1.xml.rels
2024-08-16 18:45:33 DEBUG Parsing relationship: /_rels/.rels
2024-08-16 18:45:33 DEBUG Parsing relationship: /xl/_rels/workbook.xml.rels
2024-08-16 18:45:33 DEBUG Parsing relationship: /xl/worksheets/_rels/sheet1.xml.rels
2024-08-16 18:45:33 DEBUG Parsing relationship: /_rels/.rels
2024-08-16 18:45:33 DEBUG Parsing relationship: /xl/_rels/workbook.xml.rels
2024-08-16 18:45:33 DEBUG Parsing relationship: /xl/worksheets/_rels/sheet1.xml.rels
2024-08-16 18:45:33 DEBUG Parsing relationship: /_rels/.rels
2024-08-16 18:45:33 DEBUG Parsing relationship: /xl/_rels/workbook.xml.rels
2024-08-16 18:45:33 DEBUG Parsing relationship: /xl/worksheets/_rels/sheet1.xml.rels
2024-08-16 18:45:33 DEBUG Parsing relationship: /_rels/.rels
2024-08-16 18:45:33 DEBUG Parsing relationship: /xl/_rels/workbook.xml.rels
2024-08-16 18:45:33 DEBUG Parsing relationship: /xl/worksheets/_rels/sheet1.xml.rels
2024-08-16 18:45:33 DEBUG Parsing relationship: /_rels/.rels
2024-08-16 18:45:33 DEBUG Parsing relationship: /xl/_rels/workbook.xml.rels
2024-08-16 18:45:33 DEBUG Parsing relationship: /xl/worksheets/_rels/sheet1.xml.rels
2024-08-16 18:45:33 DEBUG Parsing relationship: /_rels/.rels
2024-08-16 18:45:34 DEBUG Parsing relationship: /xl/_rels/workbook.xml.rels
2024-08-16 18:45:34 DEBUG Parsing relationship: /xl/worksheets/_rels/sheet1.xml.rels
2024-08-16 18:45:34 DEBUG Parsing relationship: /_rels/.rels
2024-08-16 18:45:34 DEBUG Parsing relationship: /xl/_rels/workbook.xml.rels
2024-08-16 18:45:34 DEBUG Parsing relationship: /xl/worksheets/_rels/sheet1.xml.rels
2024-08-16 18:45:34 DEBUG Parsing relationship: /_rels/.rels
2024-08-16 18:45:34 DEBUG Parsing relationship: /xl/_rels/workbook.xml.rels
2024-08-16 18:45:34 DEBUG Parsing relationship: /xl/worksheets/_rels/sheet1.xml.rels
2024-08-16 18:45:34 DEBUG Parsing relationship: /_rels/.rels
2024-08-16 18:45:34 DEBUG Parsing relationship: /xl/_rels/workbook.xml.rels
2024-08-16 18:45:34 DEBUG Parsing relationship: /xl/worksheets/_rels/sheet1.xml.rels
2024-08-16 18:45:34 DEBUG Parsing relationship: /_rels/.rels
2024-08-16 18:45:34 DEBUG Parsing relationship: /xl/_rels/workbook.xml.rels
2024-08-16 18:45:34 DEBUG Parsing relationship: /xl/worksheets/_rels/sheet1.xml.rels
2024-08-16 18:45:34 DEBUG Parsing relationship: /_rels/.rels
2024-08-16 18:45:34 DEBUG Parsing relationship: /xl/_rels/workbook.xml.rels
2024-08-16 18:45:34 DEBUG Parsing relationship: /xl/worksheets/_rels/sheet1.xml.rels
2024-08-16 18:45:34 DEBUG Parsing relationship: /_rels/.rels
2024-08-16 18:45:34 DEBUG Parsing relationship: /xl/_rels/workbook.xml.rels
2024-08-16 18:45:34 DEBUG Parsing relationship: /xl/worksheets/_rels/sheet1.xml.rels
2024-08-16 18:45:34 DEBUG Parsing relationship: /_rels/.rels
2024-08-16 18:45:34 DEBUG Parsing relationship: /xl/_rels/workbook.xml.rels
2024-08-16 18:45:34 DEBUG Parsing relationship: /xl/worksheets/_rels/sheet1.xml.rels
2024-08-16 18:45:34 DEBUG Parsing relationship: /_rels/.rels
2024-08-16 18:45:34 DEBUG Parsing relationship: /xl/_rels/workbook.xml.rels
2024-08-16 18:45:34 DEBUG Parsing relationship: /xl/worksheets/_rels/sheet1.xml.rels
2024-08-16 18:45:34 DEBUG Parsing relationship: /_rels/.rels
2024-08-16 18:45:34 DEBUG Parsing relationship: /xl/_rels/workbook.xml.rels
2024-08-16 18:45:34 DEBUG Parsing relationship: /xl/worksheets/_rels/sheet1.xml.rels
2024-08-16 18:45:34 DEBUG Parsing relationship: /_rels/.rels
2024-08-16 18:45:34 DEBUG Parsing relationship: /xl/_rels/workbook.xml.rels
2024-08-16 18:45:34 DEBUG Parsing relationship: /xl/worksheets/_rels/sheet1.xml.rels
2024-08-16 18:45:34 DEBUG Parsing relationship: /_rels/.rels
2024-08-16 18:45:34 DEBUG Parsing relationship: /xl/_rels/workbook.xml.rels
2024-08-16 18:45:34 DEBUG Parsing relationship: /xl/worksheets/_rels/sheet1.xml.rels
2024-08-16 18:45:34 DEBUG Parsing relationship: /_rels/.rels
2024-08-16 18:45:34 DEBUG Parsing relationship: /xl/_rels/workbook.xml.rels
2024-08-16 18:45:34 DEBUG Parsing relationship: /xl/worksheets/_rels/sheet1.xml.rels
2024-08-16 18:45:34 DEBUG Parsing relationship: /_rels/.rels
2024-08-16 18:45:39 DEBUG Parsing relationship: /xl/_rels/workbook.xml.rels
2024-08-16 18:45:39 DEBUG Parsing relationship: /xl/worksheets/_rels/sheet1.xml.rels
2024-08-16 18:45:39 DEBUG Parsing relationship: /_rels/.rels
2024-08-16 18:45:39 DEBUG Parsing relationship: /xl/_rels/workbook.xml.rels
2024-08-16 18:45:39 DEBUG Parsing relationship: /xl/worksheets/_rels/sheet1.xml.rels
2024-08-16 18:45:39 DEBUG Parsing relationship: /_rels/.rels
2024-08-16 18:45:39 DEBUG Parsing relationship: /xl/_rels/workbook.xml.rels
2024-08-16 18:45:39 DEBUG Parsing relationship: /xl/worksheets/_rels/sheet1.xml.rels
2024-08-16 18:45:39 DEBUG Parsing relationship: /_rels/.rels
2024-08-16 18:45:39 DEBUG Parsing relationship: /xl/_rels/workbook.xml.rels
2024-08-16 18:45:39 DEBUG Parsing relationship: /xl/worksheets/_rels/sheet1.xml.rels
2024-08-16 18:45:39 DEBUG Parsing relationship: /_rels/.rels
2024-08-16 18:45:39 DEBUG Parsing relationship: /xl/_rels/workbook.xml.rels
2024-08-16 18:45:39 DEBUG Parsing relationship: /xl/worksheets/_rels/sheet1.xml.rels
2024-08-16 18:45:39 DEBUG Parsing relationship: /_rels/.rels
2024-08-16 18:45:43 DEBUG Parsing relationship: /xl/_rels/workbook.xml.rels
2024-08-16 18:45:43 DEBUG Parsing relationship: /xl/worksheets/_rels/sheet1.xml.rels
2024-08-16 18:45:43 DEBUG Parsing relationship: /_rels/.rels
2024-08-16 18:45:43 DEBUG Parsing relationship: /xl/_rels/workbook.xml.rels
2024-08-16 18:45:43 DEBUG Parsing relationship: /xl/worksheets/_rels/sheet1.xml.rels
2024-08-16 18:45:43 DEBUG Parsing relationship: /_rels/.rels
2024-08-16 18:45:43 DEBUG Parsing relationship: /xl/_rels/workbook.xml.rels
2024-08-16 18:45:43 DEBUG Parsing relationship: /xl/worksheets/_rels/sheet1.xml.rels
2024-08-16 18:45:43 DEBUG Parsing relationship: /_rels/.rels
2024-08-16 18:45:43 DEBUG Parsing relationship: /xl/_rels/workbook.xml.rels
2024-08-16 18:45:43 DEBUG Parsing relationship: /xl/worksheets/_rels/sheet1.xml.rels
2024-08-16 18:45:43 DEBUG Parsing relationship: /_rels/.rels
2024-08-16 18:45:43 DEBUG Parsing relationship: /xl/_rels/workbook.xml.rels
2024-08-16 18:45:43 DEBUG Parsing relationship: /xl/worksheets/_rels/sheet1.xml.rels
2024-08-16 18:45:43 DEBUG Parsing relationship: /_rels/.rels
2024-08-16 18:47:20 DEBUG Parsing relationship: /xl/_rels/workbook.xml.rels
2024-08-16 18:47:20 DEBUG Parsing relationship: /xl/worksheets/_rels/sheet1.xml.rels
2024-08-16 18:47:20 DEBUG Parsing relationship: /_rels/.rels
2024-08-16 18:47:21 DEBUG Parsing relationship: /xl/_rels/workbook.xml.rels
2024-08-16 18:47:21 DEBUG Parsing relationship: /xl/worksheets/_rels/sheet1.xml.rels
2024-08-16 18:47:22 DEBUG Parsing relationship: /_rels/.rels
2024-08-16 18:47:22 DEBUG Parsing relationship: /xl/_rels/workbook.xml.rels
2024-08-16 18:47:22 DEBUG Parsing relationship: /xl/worksheets/_rels/sheet1.xml.rels
2024-08-16 18:47:22 DEBUG Parsing relationship: /_rels/.rels
2024-08-16 18:47:22 DEBUG Parsing relationship: /xl/_rels/workbook.xml.rels
2024-08-16 18:47:22 DEBUG Parsing relationship: /xl/worksheets/_rels/sheet1.xml.rels
2024-08-16 18:47:22 DEBUG Parsing relationship: /_rels/.rels
2024-08-16 18:47:22 DEBUG Parsing relationship: /xl/_rels/workbook.xml.rels
2024-08-16 18:47:22 DEBUG Parsing relationship: /xl/worksheets/_rels/sheet1.xml.rels
2024-08-16 18:47:22 DEBUG Parsing relationship: /_rels/.rels
2024-08-16 18:47:22 DEBUG Parsing relationship: /xl/_rels/workbook.xml.rels
2024-08-16 18:47:22 DEBUG Parsing relationship: /xl/worksheets/_rels/sheet1.xml.rels
2024-08-16 18:47:22 DEBUG Parsing relationship: /_rels/.rels
2024-08-16 18:47:22 DEBUG Parsing relationship: /xl/_rels/workbook.xml.rels
2024-08-16 18:47:22 DEBUG Parsing relationship: /xl/worksheets/_rels/sheet1.xml.rels
2024-08-16 18:47:22 DEBUG Parsing relationship: /_rels/.rels
2024-08-16 18:47:22 DEBUG Parsing relationship: /xl/_rels/workbook.xml.rels
2024-08-16 18:47:22 DEBUG Parsing relationship: /xl/worksheets/_rels/sheet1.xml.rels
2024-08-16 18:47:22 DEBUG Parsing relationship: /_rels/.rels
2024-08-16 18:47:22 DEBUG Parsing relationship: /xl/_rels/workbook.xml.rels
2024-08-16 18:47:22 DEBUG Parsing relationship: /xl/worksheets/_rels/sheet1.xml.rels
2024-08-16 18:47:22 DEBUG Parsing relationship: /_rels/.rels
2024-08-16 18:47:22 DEBUG Parsing relationship: /xl/_rels/workbook.xml.rels
2024-08-16 18:47:22 DEBUG Parsing relationship: /xl/worksheets/_rels/sheet1.xml.rels
2024-08-16 18:47:22 DEBUG Parsing relationship: /_rels/.rels
2024-08-16 18:47:22 DEBUG Parsing relationship: /xl/_rels/workbook.xml.rels
2024-08-16 18:47:22 DEBUG Parsing relationship: /xl/worksheets/_rels/sheet1.xml.rels
2024-08-16 18:47:22 DEBUG Parsing relationship: /_rels/.rels
2024-08-16 18:47:22 DEBUG Parsing relationship: /xl/_rels/workbook.xml.rels
2024-08-16 18:47:22 DEBUG Parsing relationship: /xl/worksheets/_rels/sheet1.xml.rels
2024-08-16 18:47:22 DEBUG Parsing relationship: /_rels/.rels
2024-08-16 18:47:22 DEBUG Parsing relationship: /xl/_rels/workbook.xml.rels
2024-08-16 18:47:22 DEBUG Parsing relationship: /xl/worksheets/_rels/sheet1.xml.rels
2024-08-16 18:47:22 DEBUG Parsing relationship: /_rels/.rels
2024-08-16 18:47:22 DEBUG Parsing relationship: /xl/_rels/workbook.xml.rels
2024-08-16 18:47:22 DEBUG Parsing relationship: /xl/worksheets/_rels/sheet1.xml.rels
2024-08-16 18:47:22 DEBUG Parsing relationship: /_rels/.rels
2024-08-16 18:47:22 DEBUG Parsing relationship: /xl/_rels/workbook.xml.rels
2024-08-16 18:47:22 DEBUG Parsing relationship: /xl/worksheets/_rels/sheet1.xml.rels
2024-08-16 18:47:22 DEBUG Parsing relationship: /_rels/.rels
2024-08-16 18:47:22 DEBUG Parsing relationship: /xl/_rels/workbook.xml.rels
2024-08-16 18:47:22 DEBUG Parsing relationship: /xl/worksheets/_rels/sheet1.xml.rels
2024-08-16 18:47:22 DEBUG Parsing relationship: /_rels/.rels
2024-08-16 18:47:22 DEBUG Parsing relationship: /xl/_rels/workbook.xml.rels
2024-08-16 18:47:22 DEBUG Parsing relationship: /xl/worksheets/_rels/sheet1.xml.rels
2024-08-16 18:47:22 DEBUG Parsing relationship: /_rels/.rels
2024-08-16 18:47:22 DEBUG Parsing relationship: /xl/_rels/workbook.xml.rels
2024-08-16 18:47:22 DEBUG Parsing relationship: /xl/worksheets/_rels/sheet1.xml.rels
2024-08-16 18:47:22 DEBUG Parsing relationship: /_rels/.rels
2024-08-16 18:47:22 DEBUG Parsing relationship: /xl/_rels/workbook.xml.rels
2024-08-16 18:47:22 DEBUG Parsing relationship: /xl/worksheets/_rels/sheet1.xml.rels
2024-08-16 18:47:22 DEBUG Parsing relationship: /_rels/.rels
2024-08-16 18:47:23 DEBUG Parsing relationship: /xl/_rels/workbook.xml.rels
2024-08-16 18:47:23 DEBUG Parsing relationship: /xl/worksheets/_rels/sheet1.xml.rels
2024-08-16 18:47:23 DEBUG Parsing relationship: /_rels/.rels
2024-08-16 18:47:23 DEBUG Parsing relationship: /xl/_rels/workbook.xml.rels
2024-08-16 18:47:23 DEBUG Parsing relationship: /xl/worksheets/_rels/sheet1.xml.rels
2024-08-16 18:47:23 DEBUG Parsing relationship: /_rels/.rels
2024-08-16 18:47:23 DEBUG Parsing relationship: /xl/_rels/workbook.xml.rels
2024-08-16 18:47:23 DEBUG Parsing relationship: /xl/worksheets/_rels/sheet1.xml.rels
2024-08-16 18:47:23 DEBUG Parsing relationship: /_rels/.rels
2024-08-16 18:47:23 DEBUG Parsing relationship: /xl/_rels/workbook.xml.rels
2024-08-16 18:47:23 DEBUG Parsing relationship: /xl/worksheets/_rels/sheet1.xml.rels
2024-08-16 18:47:23 DEBUG Parsing relationship: /_rels/.rels
2024-08-16 18:47:23 DEBUG Parsing relationship: /xl/_rels/workbook.xml.rels
2024-08-16 18:47:23 DEBUG Parsing relationship: /xl/worksheets/_rels/sheet1.xml.rels
2024-08-16 18:47:23 DEBUG Parsing relationship: /_rels/.rels
2024-08-16 18:47:23 DEBUG Parsing relationship: /xl/_rels/workbook.xml.rels
2024-08-16 18:47:23 DEBUG Parsing relationship: /xl/worksheets/_rels/sheet1.xml.rels
2024-08-16 18:47:23 DEBUG Parsing relationship: /_rels/.rels
2024-08-16 18:47:23 DEBUG Parsing relationship: /xl/_rels/workbook.xml.rels
2024-08-16 18:47:23 DEBUG Parsing relationship: /xl/worksheets/_rels/sheet1.xml.rels
2024-08-16 18:47:23 DEBUG Parsing relationship: /_rels/.rels
2024-08-16 18:47:23 DEBUG Parsing relationship: /xl/_rels/workbook.xml.rels
2024-08-16 18:47:23 DEBUG Parsing relationship: /xl/worksheets/_rels/sheet1.xml.rels
2024-08-16 18:47:23 DEBUG Parsing relationship: /_rels/.rels
2024-08-16 18:47:23 DEBUG Parsing relationship: /xl/_rels/workbook.xml.rels
2024-08-16 18:47:23 DEBUG Parsing relationship: /xl/worksheets/_rels/sheet1.xml.rels
2024-08-16 18:47:23 DEBUG Parsing relationship: /_rels/.rels
2024-08-16 18:47:23 DEBUG Parsing relationship: /xl/_rels/workbook.xml.rels
2024-08-16 18:47:23 DEBUG Parsing relationship: /xl/worksheets/_rels/sheet1.xml.rels
2024-08-16 18:47:23 DEBUG Parsing relationship: /_rels/.rels
2024-08-16 18:47:23 DEBUG Parsing relationship: /xl/_rels/workbook.xml.rels
2024-08-16 18:47:23 DEBUG Parsing relationship: /xl/worksheets/_rels/sheet1.xml.rels
2024-08-16 18:47:23 DEBUG Parsing relationship: /_rels/.rels
2024-08-16 18:47:40 DEBUG Parsing relationship: /xl/_rels/workbook.xml.rels
2024-08-16 18:47:40 DEBUG Parsing relationship: /xl/worksheets/_rels/sheet1.xml.rels
2024-08-16 18:47:40 DEBUG Parsing relationship: /_rels/.rels
2024-08-16 18:47:40 DEBUG Parsing relationship: /xl/_rels/workbook.xml.rels
2024-08-16 18:47:40 DEBUG Parsing relationship: /xl/worksheets/_rels/sheet1.xml.rels
2024-08-16 18:47:40 DEBUG Parsing relationship: /_rels/.rels
2024-08-16 18:47:40 DEBUG Parsing relationship: /xl/_rels/workbook.xml.rels
2024-08-16 18:47:40 DEBUG Parsing relationship: /xl/worksheets/_rels/sheet1.xml.rels
2024-08-16 18:47:40 DEBUG Parsing relationship: /_rels/.rels
2024-08-16 18:47:40 DEBUG Parsing relationship: /xl/_rels/workbook.xml.rels
2024-08-16 18:47:40 DEBUG Parsing relationship: /xl/worksheets/_rels/sheet1.xml.rels
2024-08-16 18:47:40 DEBUG Parsing relationship: /_rels/.rels
2024-08-16 18:47:40 DEBUG Parsing relationship: /xl/_rels/workbook.xml.rels
2024-08-16 18:47:40 DEBUG Parsing relationship: /xl/worksheets/_rels/sheet1.xml.rels
2024-08-16 18:47:40 DEBUG Parsing relationship: /_rels/.rels
2024-08-16 18:47:45 DEBUG Parsing relationship: /xl/_rels/workbook.xml.rels
2024-08-16 18:47:45 DEBUG Parsing relationship: /xl/worksheets/_rels/sheet1.xml.rels
2024-08-16 18:47:45 DEBUG Parsing relationship: /_rels/.rels
2024-08-16 18:47:45 DEBUG Parsing relationship: /xl/_rels/workbook.xml.rels
2024-08-16 18:47:45 DEBUG Parsing relationship: /xl/worksheets/_rels/sheet1.xml.rels
2024-08-16 18:47:45 DEBUG Parsing relationship: /_rels/.rels
2024-08-16 18:47:45 DEBUG Parsing relationship: /xl/_rels/workbook.xml.rels
2024-08-16 18:47:45 DEBUG Parsing relationship: /xl/worksheets/_rels/sheet1.xml.rels
2024-08-16 18:47:45 DEBUG Parsing relationship: /_rels/.rels
2024-08-16 18:47:45 DEBUG Parsing relationship: /xl/_rels/workbook.xml.rels
2024-08-16 18:47:45 DEBUG Parsing relationship: /xl/worksheets/_rels/sheet1.xml.rels
2024-08-16 18:47:45 DEBUG Parsing relationship: /_rels/.rels
2024-08-16 18:47:45 DEBUG Parsing relationship: /xl/_rels/workbook.xml.rels
2024-08-16 18:47:45 DEBUG Parsing relationship: /xl/worksheets/_rels/sheet1.xml.rels
2024-08-16 18:47:45 DEBUG Parsing relationship: /_rels/.rels
2024-08-16 18:47:50 INFO  Post method Started
2024-08-16 18:47:51 INFO  Post method Ended
2024-08-16 18:47:51 INFO  Get method Started
2024-08-16 18:47:52 INFO  Get method Ended
2024-08-16 18:47:52 INFO  Put method Started
2024-08-16 18:47:53 INFO  Get method Started
2024-08-16 18:47:54 INFO  Get method Ended
2024-08-16 18:47:54 INFO  Put method Ended
2024-08-16 18:47:54 INFO  Delete method Started
2024-08-16 18:47:55 INFO  Delete method Ended
2024-08-16 18:49:58 DEBUG Parsing relationship: /xl/_rels/workbook.xml.rels
2024-08-16 18:49:58 DEBUG Parsing relationship: /xl/worksheets/_rels/sheet1.xml.rels
2024-08-16 18:49:58 DEBUG Parsing relationship: /_rels/.rels
2024-08-16 18:50:00 DEBUG Parsing relationship: /xl/_rels/workbook.xml.rels
2024-08-16 18:50:00 DEBUG Parsing relationship: /xl/worksheets/_rels/sheet1.xml.rels
2024-08-16 18:50:00 DEBUG Parsing relationship: /_rels/.rels
2024-08-16 18:50:00 DEBUG Parsing relationship: /xl/_rels/workbook.xml.rels
2024-08-16 18:50:00 DEBUG Parsing relationship: /xl/worksheets/_rels/sheet1.xml.rels
2024-08-16 18:50:00 DEBUG Parsing relationship: /_rels/.rels
2024-08-16 18:50:00 DEBUG Parsing relationship: /xl/_rels/workbook.xml.rels
2024-08-16 18:50:00 DEBUG Parsing relationship: /xl/worksheets/_rels/sheet1.xml.rels
2024-08-16 18:50:00 DEBUG Parsing relationship: /_rels/.rels
2024-08-16 18:50:00 DEBUG Parsing relationship: /xl/_rels/workbook.xml.rels
2024-08-16 18:50:00 DEBUG Parsing relationship: /xl/worksheets/_rels/sheet1.xml.rels
2024-08-16 18:50:00 DEBUG Parsing relationship: /_rels/.rels
2024-08-16 18:50:00 DEBUG Parsing relationship: /xl/_rels/workbook.xml.rels
2024-08-16 18:50:00 DEBUG Parsing relationship: /xl/worksheets/_rels/sheet1.xml.rels
2024-08-16 18:50:00 DEBUG Parsing relationship: /_rels/.rels
2024-08-16 18:50:00 DEBUG Parsing relationship: /xl/_rels/workbook.xml.rels
2024-08-16 18:50:01 DEBUG Parsing relationship: /xl/worksheets/_rels/sheet1.xml.rels
2024-08-16 18:50:01 DEBUG Parsing relationship: /_rels/.rels
2024-08-16 18:50:01 DEBUG Parsing relationship: /xl/_rels/workbook.xml.rels
2024-08-16 18:50:01 DEBUG Parsing relationship: /xl/worksheets/_rels/sheet1.xml.rels
2024-08-16 18:50:01 DEBUG Parsing relationship: /_rels/.rels
2024-08-16 18:50:01 DEBUG Parsing relationship: /xl/_rels/workbook.xml.rels
2024-08-16 18:50:01 DEBUG Parsing relationship: /xl/worksheets/_rels/sheet1.xml.rels
2024-08-16 18:50:01 DEBUG Parsing relationship: /_rels/.rels
2024-08-16 18:50:01 DEBUG Parsing relationship: /xl/_rels/workbook.xml.rels
2024-08-16 18:50:01 DEBUG Parsing relationship: /xl/worksheets/_rels/sheet1.xml.rels
2024-08-16 18:50:01 DEBUG Parsing relationship: /_rels/.rels
2024-08-16 18:50:01 DEBUG Parsing relationship: /xl/_rels/workbook.xml.rels
2024-08-16 18:50:01 DEBUG Parsing relationship: /xl/worksheets/_rels/sheet1.xml.rels
2024-08-16 18:50:01 DEBUG Parsing relationship: /_rels/.rels
2024-08-16 18:50:01 DEBUG Parsing relationship: /xl/_rels/workbook.xml.rels
2024-08-16 18:50:01 DEBUG Parsing relationship: /xl/worksheets/_rels/sheet1.xml.rels
2024-08-16 18:50:01 DEBUG Parsing relationship: /_rels/.rels
2024-08-16 18:50:01 DEBUG Parsing relationship: /xl/_rels/workbook.xml.rels
2024-08-16 18:50:01 DEBUG Parsing relationship: /xl/worksheets/_rels/sheet1.xml.rels
2024-08-16 18:50:01 DEBUG Parsing relationship: /_rels/.rels
2024-08-16 18:50:01 DEBUG Parsing relationship: /xl/_rels/workbook.xml.rels
2024-08-16 18:50:01 DEBUG Parsing relationship: /xl/worksheets/_rels/sheet1.xml.rels
2024-08-16 18:50:01 DEBUG Parsing relationship: /_rels/.rels
2024-08-16 18:50:01 DEBUG Parsing relationship: /xl/_rels/workbook.xml.rels
2024-08-16 18:50:01 DEBUG Parsing relationship: /xl/worksheets/_rels/sheet1.xml.rels
2024-08-16 18:50:01 DEBUG Parsing relationship: /_rels/.rels
2024-08-16 18:50:01 DEBUG Parsing relationship: /xl/_rels/workbook.xml.rels
2024-08-16 18:50:01 DEBUG Parsing relationship: /xl/worksheets/_rels/sheet1.xml.rels
2024-08-16 18:50:01 DEBUG Parsing relationship: /_rels/.rels
2024-08-16 18:50:01 DEBUG Parsing relationship: /xl/_rels/workbook.xml.rels
2024-08-16 18:50:01 DEBUG Parsing relationship: /xl/worksheets/_rels/sheet1.xml.rels
2024-08-16 18:50:01 DEBUG Parsing relationship: /_rels/.rels
2024-08-16 18:50:01 DEBUG Parsing relationship: /xl/_rels/workbook.xml.rels
2024-08-16 18:50:01 DEBUG Parsing relationship: /xl/worksheets/_rels/sheet1.xml.rels
2024-08-16 18:50:01 DEBUG Parsing relationship: /_rels/.rels
2024-08-16 18:50:01 DEBUG Parsing relationship: /xl/_rels/workbook.xml.rels
2024-08-16 18:50:01 DEBUG Parsing relationship: /xl/worksheets/_rels/sheet1.xml.rels
2024-08-16 18:50:01 DEBUG Parsing relationship: /_rels/.rels
2024-08-16 18:50:01 DEBUG Parsing relationship: /xl/_rels/workbook.xml.rels
2024-08-16 18:50:01 DEBUG Parsing relationship: /xl/worksheets/_rels/sheet1.xml.rels
2024-08-16 18:50:01 DEBUG Parsing relationship: /_rels/.rels
2024-08-16 18:50:01 DEBUG Parsing relationship: /xl/_rels/workbook.xml.rels
2024-08-16 18:50:01 DEBUG Parsing relationship: /xl/worksheets/_rels/sheet1.xml.rels
2024-08-16 18:50:01 DEBUG Parsing relationship: /_rels/.rels
2024-08-16 18:50:01 DEBUG Parsing relationship: /xl/_rels/workbook.xml.rels
2024-08-16 18:50:01 DEBUG Parsing relationship: /xl/worksheets/_rels/sheet1.xml.rels
2024-08-16 18:50:01 DEBUG Parsing relationship: /_rels/.rels
2024-08-16 18:50:01 DEBUG Parsing relationship: /xl/_rels/workbook.xml.rels
2024-08-16 18:50:01 DEBUG Parsing relationship: /xl/worksheets/_rels/sheet1.xml.rels
2024-08-16 18:50:01 DEBUG Parsing relationship: /_rels/.rels
2024-08-16 18:50:01 DEBUG Parsing relationship: /xl/_rels/workbook.xml.rels
2024-08-16 18:50:01 DEBUG Parsing relationship: /xl/worksheets/_rels/sheet1.xml.rels
2024-08-16 18:50:01 DEBUG Parsing relationship: /_rels/.rels
2024-08-16 18:50:01 DEBUG Parsing relationship: /xl/_rels/workbook.xml.rels
2024-08-16 18:50:01 DEBUG Parsing relationship: /xl/worksheets/_rels/sheet1.xml.rels
2024-08-16 18:50:01 DEBUG Parsing relationship: /_rels/.rels
2024-08-16 18:50:02 DEBUG Parsing relationship: /xl/_rels/workbook.xml.rels
2024-08-16 18:50:02 DEBUG Parsing relationship: /xl/worksheets/_rels/sheet1.xml.rels
2024-08-16 18:50:02 DEBUG Parsing relationship: /_rels/.rels
2024-08-16 18:50:02 DEBUG Parsing relationship: /xl/_rels/workbook.xml.rels
2024-08-16 18:50:02 DEBUG Parsing relationship: /xl/worksheets/_rels/sheet1.xml.rels
2024-08-16 18:50:02 DEBUG Parsing relationship: /_rels/.rels
2024-08-16 18:50:02 DEBUG Parsing relationship: /xl/_rels/workbook.xml.rels
2024-08-16 18:50:02 DEBUG Parsing relationship: /xl/worksheets/_rels/sheet1.xml.rels
2024-08-16 18:50:02 DEBUG Parsing relationship: /_rels/.rels
2024-08-16 18:50:02 DEBUG Parsing relationship: /xl/_rels/workbook.xml.rels
2024-08-16 18:50:02 DEBUG Parsing relationship: /xl/worksheets/_rels/sheet1.xml.rels
2024-08-16 18:50:02 DEBUG Parsing relationship: /_rels/.rels
2024-08-16 18:50:02 DEBUG Parsing relationship: /xl/_rels/workbook.xml.rels
2024-08-16 18:50:02 DEBUG Parsing relationship: /xl/worksheets/_rels/sheet1.xml.rels
2024-08-16 18:50:02 DEBUG Parsing relationship: /_rels/.rels
2024-08-16 18:50:14 DEBUG Parsing relationship: /xl/_rels/workbook.xml.rels
2024-08-16 18:50:14 DEBUG Parsing relationship: /xl/worksheets/_rels/sheet1.xml.rels
2024-08-16 18:50:14 DEBUG Parsing relationship: /_rels/.rels
2024-08-16 18:50:14 DEBUG Parsing relationship: /xl/_rels/workbook.xml.rels
2024-08-16 18:50:14 DEBUG Parsing relationship: /xl/worksheets/_rels/sheet1.xml.rels
2024-08-16 18:50:14 DEBUG Parsing relationship: /_rels/.rels
2024-08-16 18:50:14 DEBUG Parsing relationship: /xl/_rels/workbook.xml.rels
2024-08-16 18:50:14 DEBUG Parsing relationship: /xl/worksheets/_rels/sheet1.xml.rels
2024-08-16 18:50:14 DEBUG Parsing relationship: /_rels/.rels
2024-08-16 18:50:14 DEBUG Parsing relationship: /xl/_rels/workbook.xml.rels
2024-08-16 18:50:14 DEBUG Parsing relationship: /xl/worksheets/_rels/sheet1.xml.rels
2024-08-16 18:50:14 DEBUG Parsing relationship: /_rels/.rels
2024-08-16 18:50:14 DEBUG Parsing relationship: /xl/_rels/workbook.xml.rels
2024-08-16 18:50:14 DEBUG Parsing relationship: /xl/worksheets/_rels/sheet1.xml.rels
2024-08-16 18:50:14 DEBUG Parsing relationship: /_rels/.rels
2024-08-16 18:50:18 DEBUG Parsing relationship: /xl/_rels/workbook.xml.rels
2024-08-16 18:50:18 DEBUG Parsing relationship: /xl/worksheets/_rels/sheet1.xml.rels
2024-08-16 18:50:18 DEBUG Parsing relationship: /_rels/.rels
2024-08-16 18:50:18 DEBUG Parsing relationship: /xl/_rels/workbook.xml.rels
2024-08-16 18:50:18 DEBUG Parsing relationship: /xl/worksheets/_rels/sheet1.xml.rels
2024-08-16 18:50:18 DEBUG Parsing relationship: /_rels/.rels
2024-08-16 18:50:18 DEBUG Parsing relationship: /xl/_rels/workbook.xml.rels
2024-08-16 18:50:19 DEBUG Parsing relationship: /xl/worksheets/_rels/sheet1.xml.rels
2024-08-16 18:50:19 DEBUG Parsing relationship: /_rels/.rels
2024-08-16 18:50:19 DEBUG Parsing relationship: /xl/_rels/workbook.xml.rels
2024-08-16 18:50:19 DEBUG Parsing relationship: /xl/worksheets/_rels/sheet1.xml.rels
2024-08-16 18:50:19 DEBUG Parsing relationship: /_rels/.rels
2024-08-16 18:50:19 DEBUG Parsing relationship: /xl/_rels/workbook.xml.rels
2024-08-16 18:50:19 DEBUG Parsing relationship: /xl/worksheets/_rels/sheet1.xml.rels
2024-08-16 18:50:19 DEBUG Parsing relationship: /_rels/.rels
2024-08-16 18:50:23 INFO  Post method Started
2024-08-16 18:50:25 INFO  Post method Ended
2024-08-16 18:50:25 INFO  Get method Started
2024-08-16 18:50:26 INFO  Get method Ended
2024-08-16 18:50:26 INFO  Put method Started
2024-08-16 18:50:27 INFO  Get method Started
2024-08-16 18:50:28 INFO  Get method Ended
2024-08-16 18:50:28 INFO  Put method Ended
2024-08-16 18:50:28 INFO  Delete method Started
2024-08-16 18:50:29 INFO  Delete method Ended
2024-08-18 18:30:24 DEBUG Parsing relationship: /xl/_rels/workbook.xml.rels
2024-08-18 18:30:24 DEBUG Parsing relationship: /xl/worksheets/_rels/sheet1.xml.rels
2024-08-18 18:30:24 DEBUG Parsing relationship: /_rels/.rels
2024-08-18 18:30:25 DEBUG Parsing relationship: /xl/_rels/workbook.xml.rels
2024-08-18 18:30:25 DEBUG Parsing relationship: /xl/worksheets/_rels/sheet1.xml.rels
2024-08-18 18:30:25 DEBUG Parsing relationship: /_rels/.rels
2024-08-18 18:30:26 DEBUG Parsing relationship: /xl/_rels/workbook.xml.rels
2024-08-18 18:30:26 DEBUG Parsing relationship: /xl/worksheets/_rels/sheet1.xml.rels
2024-08-18 18:30:26 DEBUG Parsing relationship: /_rels/.rels
2024-08-18 18:30:26 DEBUG Parsing relationship: /xl/_rels/workbook.xml.rels
2024-08-18 18:30:26 DEBUG Parsing relationship: /xl/worksheets/_rels/sheet1.xml.rels
2024-08-18 18:30:26 DEBUG Parsing relationship: /_rels/.rels
2024-08-18 18:30:26 DEBUG Parsing relationship: /xl/_rels/workbook.xml.rels
2024-08-18 18:30:26 DEBUG Parsing relationship: /xl/worksheets/_rels/sheet1.xml.rels
2024-08-18 18:30:26 DEBUG Parsing relationship: /_rels/.rels
2024-08-18 18:30:26 DEBUG Parsing relationship: /xl/_rels/workbook.xml.rels
2024-08-18 18:30:26 DEBUG Parsing relationship: /xl/worksheets/_rels/sheet1.xml.rels
2024-08-18 18:30:26 DEBUG Parsing relationship: /_rels/.rels
2024-08-18 18:30:26 DEBUG Parsing relationship: /xl/_rels/workbook.xml.rels
2024-08-18 18:30:26 DEBUG Parsing relationship: /xl/worksheets/_rels/sheet1.xml.rels
2024-08-18 18:30:26 DEBUG Parsing relationship: /_rels/.rels
2024-08-18 18:30:26 DEBUG Parsing relationship: /xl/_rels/workbook.xml.rels
2024-08-18 18:30:26 DEBUG Parsing relationship: /xl/worksheets/_rels/sheet1.xml.rels
2024-08-18 18:30:26 DEBUG Parsing relationship: /_rels/.rels
2024-08-18 18:30:26 DEBUG Parsing relationship: /xl/_rels/workbook.xml.rels
2024-08-18 18:30:26 DEBUG Parsing relationship: /xl/worksheets/_rels/sheet1.xml.rels
2024-08-18 18:30:26 DEBUG Parsing relationship: /_rels/.rels
2024-08-18 18:30:26 DEBUG Parsing relationship: /xl/_rels/workbook.xml.rels
2024-08-18 18:30:26 DEBUG Parsing relationship: /xl/worksheets/_rels/sheet1.xml.rels
2024-08-18 18:30:26 DEBUG Parsing relationship: /_rels/.rels
2024-08-18 18:30:26 DEBUG Parsing relationship: /xl/_rels/workbook.xml.rels
2024-08-18 18:30:26 DEBUG Parsing relationship: /xl/worksheets/_rels/sheet1.xml.rels
2024-08-18 18:30:26 DEBUG Parsing relationship: /_rels/.rels
2024-08-18 18:30:26 DEBUG Parsing relationship: /xl/_rels/workbook.xml.rels
2024-08-18 18:30:26 DEBUG Parsing relationship: /xl/worksheets/_rels/sheet1.xml.rels
2024-08-18 18:30:26 DEBUG Parsing relationship: /_rels/.rels
2024-08-18 18:30:26 DEBUG Parsing relationship: /xl/_rels/workbook.xml.rels
2024-08-18 18:30:26 DEBUG Parsing relationship: /xl/worksheets/_rels/sheet1.xml.rels
2024-08-18 18:30:26 DEBUG Parsing relationship: /_rels/.rels
2024-08-18 18:30:26 DEBUG Parsing relationship: /xl/_rels/workbook.xml.rels
2024-08-18 18:30:26 DEBUG Parsing relationship: /xl/worksheets/_rels/sheet1.xml.rels
2024-08-18 18:30:26 DEBUG Parsing relationship: /_rels/.rels
2024-08-18 18:30:26 DEBUG Parsing relationship: /xl/_rels/workbook.xml.rels
2024-08-18 18:30:26 DEBUG Parsing relationship: /xl/worksheets/_rels/sheet1.xml.rels
2024-08-18 18:30:26 DEBUG Parsing relationship: /_rels/.rels
2024-08-18 18:30:26 DEBUG Parsing relationship: /xl/_rels/workbook.xml.rels
2024-08-18 18:30:26 DEBUG Parsing relationship: /xl/worksheets/_rels/sheet1.xml.rels
2024-08-18 18:30:26 DEBUG Parsing relationship: /_rels/.rels
2024-08-18 18:30:26 DEBUG Parsing relationship: /xl/_rels/workbook.xml.rels
2024-08-18 18:30:26 DEBUG Parsing relationship: /xl/worksheets/_rels/sheet1.xml.rels
2024-08-18 18:30:26 DEBUG Parsing relationship: /_rels/.rels
2024-08-18 18:30:26 DEBUG Parsing relationship: /xl/_rels/workbook.xml.rels
2024-08-18 18:30:26 DEBUG Parsing relationship: /xl/worksheets/_rels/sheet1.xml.rels
2024-08-18 18:30:26 DEBUG Parsing relationship: /_rels/.rels
2024-08-18 18:30:26 DEBUG Parsing relationship: /xl/_rels/workbook.xml.rels
2024-08-18 18:30:26 DEBUG Parsing relationship: /xl/worksheets/_rels/sheet1.xml.rels
2024-08-18 18:30:26 DEBUG Parsing relationship: /_rels/.rels
2024-08-18 18:30:26 DEBUG Parsing relationship: /xl/_rels/workbook.xml.rels
2024-08-18 18:30:26 DEBUG Parsing relationship: /xl/worksheets/_rels/sheet1.xml.rels
2024-08-18 18:30:26 DEBUG Parsing relationship: /_rels/.rels
2024-08-18 18:30:26 DEBUG Parsing relationship: /xl/_rels/workbook.xml.rels
2024-08-18 18:30:26 DEBUG Parsing relationship: /xl/worksheets/_rels/sheet1.xml.rels
2024-08-18 18:30:26 DEBUG Parsing relationship: /_rels/.rels
2024-08-18 18:30:26 DEBUG Parsing relationship: /xl/_rels/workbook.xml.rels
2024-08-18 18:30:26 DEBUG Parsing relationship: /xl/worksheets/_rels/sheet1.xml.rels
2024-08-18 18:30:26 DEBUG Parsing relationship: /_rels/.rels
2024-08-18 18:30:26 DEBUG Parsing relationship: /xl/_rels/workbook.xml.rels
2024-08-18 18:30:26 DEBUG Parsing relationship: /xl/worksheets/_rels/sheet1.xml.rels
2024-08-18 18:30:26 DEBUG Parsing relationship: /_rels/.rels
2024-08-18 18:30:26 DEBUG Parsing relationship: /xl/_rels/workbook.xml.rels
2024-08-18 18:30:26 DEBUG Parsing relationship: /xl/worksheets/_rels/sheet1.xml.rels
2024-08-18 18:30:26 DEBUG Parsing relationship: /_rels/.rels
2024-08-18 18:30:26 DEBUG Parsing relationship: /xl/_rels/workbook.xml.rels
2024-08-18 18:30:26 DEBUG Parsing relationship: /xl/worksheets/_rels/sheet1.xml.rels
2024-08-18 18:30:26 DEBUG Parsing relationship: /_rels/.rels
2024-08-18 18:30:26 DEBUG Parsing relationship: /xl/_rels/workbook.xml.rels
2024-08-18 18:30:26 DEBUG Parsing relationship: /xl/worksheets/_rels/sheet1.xml.rels
2024-08-18 18:30:27 DEBUG Parsing relationship: /_rels/.rels
2024-08-18 18:30:27 DEBUG Parsing relationship: /xl/_rels/workbook.xml.rels
2024-08-18 18:30:27 DEBUG Parsing relationship: /xl/worksheets/_rels/sheet1.xml.rels
2024-08-18 18:30:27 DEBUG Parsing relationship: /_rels/.rels
2024-08-18 18:30:27 DEBUG Parsing relationship: /xl/_rels/workbook.xml.rels
2024-08-18 18:30:27 DEBUG Parsing relationship: /xl/worksheets/_rels/sheet1.xml.rels
2024-08-18 18:30:27 DEBUG Parsing relationship: /_rels/.rels
2024-08-18 18:30:27 DEBUG Parsing relationship: /xl/_rels/workbook.xml.rels
2024-08-18 18:30:27 DEBUG Parsing relationship: /xl/worksheets/_rels/sheet1.xml.rels
2024-08-18 18:30:27 DEBUG Parsing relationship: /_rels/.rels
2024-08-18 18:30:27 DEBUG Parsing relationship: /xl/_rels/workbook.xml.rels
2024-08-18 18:30:27 DEBUG Parsing relationship: /xl/worksheets/_rels/sheet1.xml.rels
2024-08-18 18:30:27 DEBUG Parsing relationship: /_rels/.rels
2024-08-18 18:30:40 DEBUG Parsing relationship: /xl/_rels/workbook.xml.rels
2024-08-18 18:30:40 DEBUG Parsing relationship: /xl/worksheets/_rels/sheet1.xml.rels
2024-08-18 18:30:40 DEBUG Parsing relationship: /_rels/.rels
2024-08-18 18:30:40 DEBUG Parsing relationship: /xl/_rels/workbook.xml.rels
2024-08-18 18:30:40 DEBUG Parsing relationship: /xl/worksheets/_rels/sheet1.xml.rels
2024-08-18 18:30:40 DEBUG Parsing relationship: /_rels/.rels
2024-08-18 18:30:40 DEBUG Parsing relationship: /xl/_rels/workbook.xml.rels
2024-08-18 18:30:40 DEBUG Parsing relationship: /xl/worksheets/_rels/sheet1.xml.rels
2024-08-18 18:30:40 DEBUG Parsing relationship: /_rels/.rels
2024-08-18 18:30:40 DEBUG Parsing relationship: /xl/_rels/workbook.xml.rels
2024-08-18 18:30:40 DEBUG Parsing relationship: /xl/worksheets/_rels/sheet1.xml.rels
2024-08-18 18:30:40 DEBUG Parsing relationship: /_rels/.rels
2024-08-18 18:30:40 DEBUG Parsing relationship: /xl/_rels/workbook.xml.rels
2024-08-18 18:30:40 DEBUG Parsing relationship: /xl/worksheets/_rels/sheet1.xml.rels
2024-08-18 18:30:40 DEBUG Parsing relationship: /_rels/.rels
2024-08-18 18:30:45 DEBUG Parsing relationship: /xl/_rels/workbook.xml.rels
2024-08-18 18:30:45 DEBUG Parsing relationship: /xl/worksheets/_rels/sheet1.xml.rels
2024-08-18 18:30:45 DEBUG Parsing relationship: /_rels/.rels
2024-08-18 18:30:45 DEBUG Parsing relationship: /xl/_rels/workbook.xml.rels
2024-08-18 18:30:45 DEBUG Parsing relationship: /xl/worksheets/_rels/sheet1.xml.rels
2024-08-18 18:30:45 DEBUG Parsing relationship: /_rels/.rels
2024-08-18 18:30:45 DEBUG Parsing relationship: /xl/_rels/workbook.xml.rels
2024-08-18 18:30:45 DEBUG Parsing relationship: /xl/worksheets/_rels/sheet1.xml.rels
2024-08-18 18:30:45 DEBUG Parsing relationship: /_rels/.rels
2024-08-18 18:30:45 DEBUG Parsing relationship: /xl/_rels/workbook.xml.rels
2024-08-18 18:30:45 DEBUG Parsing relationship: /xl/worksheets/_rels/sheet1.xml.rels
2024-08-18 18:30:45 DEBUG Parsing relationship: /_rels/.rels
2024-08-18 18:30:45 DEBUG Parsing relationship: /xl/_rels/workbook.xml.rels
2024-08-18 18:30:45 DEBUG Parsing relationship: /xl/worksheets/_rels/sheet1.xml.rels
2024-08-18 18:30:45 DEBUG Parsing relationship: /_rels/.rels
2024-08-18 18:30:50 INFO  Post method Started
2024-08-18 18:30:51 INFO  Post method Ended
2024-08-18 18:30:51 INFO  Get method Started
2024-08-18 18:30:52 INFO  Get method Ended
2024-08-18 18:30:52 INFO  Put method Started
2024-08-18 18:30:53 INFO  Get method Started
2024-08-18 18:30:54 INFO  Get method Ended
2024-08-18 18:30:54 INFO  Put method Ended
2024-08-18 18:30:54 INFO  Delete method Started
2024-08-18 18:30:56 INFO  Delete method Ended
2024-08-18 19:00:56 DEBUG Parsing relationship: /xl/_rels/workbook.xml.rels
2024-08-18 19:00:56 DEBUG Parsing relationship: /xl/worksheets/_rels/sheet1.xml.rels
2024-08-18 19:00:56 DEBUG Parsing relationship: /_rels/.rels
2024-08-18 19:00:57 DEBUG Parsing relationship: /xl/_rels/workbook.xml.rels
2024-08-18 19:00:57 DEBUG Parsing relationship: /xl/worksheets/_rels/sheet1.xml.rels
2024-08-18 19:00:57 DEBUG Parsing relationship: /_rels/.rels
2024-08-18 19:00:57 DEBUG Parsing relationship: /xl/_rels/workbook.xml.rels
2024-08-18 19:00:57 DEBUG Parsing relationship: /xl/worksheets/_rels/sheet1.xml.rels
2024-08-18 19:00:57 DEBUG Parsing relationship: /_rels/.rels
2024-08-18 19:00:57 DEBUG Parsing relationship: /xl/_rels/workbook.xml.rels
2024-08-18 19:00:57 DEBUG Parsing relationship: /xl/worksheets/_rels/sheet1.xml.rels
2024-08-18 19:00:57 DEBUG Parsing relationship: /_rels/.rels
2024-08-18 19:00:57 DEBUG Parsing relationship: /xl/_rels/workbook.xml.rels
2024-08-18 19:00:57 DEBUG Parsing relationship: /xl/worksheets/_rels/sheet1.xml.rels
2024-08-18 19:00:57 DEBUG Parsing relationship: /_rels/.rels
2024-08-18 19:00:58 DEBUG Parsing relationship: /xl/_rels/workbook.xml.rels
2024-08-18 19:00:58 DEBUG Parsing relationship: /xl/worksheets/_rels/sheet1.xml.rels
2024-08-18 19:00:58 DEBUG Parsing relationship: /_rels/.rels
2024-08-18 19:00:58 DEBUG Parsing relationship: /xl/_rels/workbook.xml.rels
2024-08-18 19:00:58 DEBUG Parsing relationship: /xl/worksheets/_rels/sheet1.xml.rels
2024-08-18 19:00:58 DEBUG Parsing relationship: /_rels/.rels
2024-08-18 19:00:58 DEBUG Parsing relationship: /xl/_rels/workbook.xml.rels
2024-08-18 19:00:58 DEBUG Parsing relationship: /xl/worksheets/_rels/sheet1.xml.rels
2024-08-18 19:00:58 DEBUG Parsing relationship: /_rels/.rels
2024-08-18 19:00:58 DEBUG Parsing relationship: /xl/_rels/workbook.xml.rels
2024-08-18 19:00:58 DEBUG Parsing relationship: /xl/worksheets/_rels/sheet1.xml.rels
2024-08-18 19:00:58 DEBUG Parsing relationship: /_rels/.rels
2024-08-18 19:00:58 DEBUG Parsing relationship: /xl/_rels/workbook.xml.rels
2024-08-18 19:00:58 DEBUG Parsing relationship: /xl/worksheets/_rels/sheet1.xml.rels
2024-08-18 19:00:58 DEBUG Parsing relationship: /_rels/.rels
2024-08-18 19:00:58 DEBUG Parsing relationship: /xl/_rels/workbook.xml.rels
2024-08-18 19:00:58 DEBUG Parsing relationship: /xl/worksheets/_rels/sheet1.xml.rels
2024-08-18 19:00:58 DEBUG Parsing relationship: /_rels/.rels
2024-08-18 19:00:58 DEBUG Parsing relationship: /xl/_rels/workbook.xml.rels
2024-08-18 19:00:58 DEBUG Parsing relationship: /xl/worksheets/_rels/sheet1.xml.rels
2024-08-18 19:00:58 DEBUG Parsing relationship: /_rels/.rels
2024-08-18 19:00:58 DEBUG Parsing relationship: /xl/_rels/workbook.xml.rels
2024-08-18 19:00:58 DEBUG Parsing relationship: /xl/worksheets/_rels/sheet1.xml.rels
2024-08-18 19:00:58 DEBUG Parsing relationship: /_rels/.rels
2024-08-18 19:00:58 DEBUG Parsing relationship: /xl/_rels/workbook.xml.rels
2024-08-18 19:00:58 DEBUG Parsing relationship: /xl/worksheets/_rels/sheet1.xml.rels
2024-08-18 19:00:58 DEBUG Parsing relationship: /_rels/.rels
2024-08-18 19:00:58 DEBUG Parsing relationship: /xl/_rels/workbook.xml.rels
2024-08-18 19:00:58 DEBUG Parsing relationship: /xl/worksheets/_rels/sheet1.xml.rels
2024-08-18 19:00:58 DEBUG Parsing relationship: /_rels/.rels
2024-08-18 19:00:58 DEBUG Parsing relationship: /xl/_rels/workbook.xml.rels
2024-08-18 19:00:58 DEBUG Parsing relationship: /xl/worksheets/_rels/sheet1.xml.rels
2024-08-18 19:00:58 DEBUG Parsing relationship: /_rels/.rels
2024-08-18 19:00:58 DEBUG Parsing relationship: /xl/_rels/workbook.xml.rels
2024-08-18 19:00:58 DEBUG Parsing relationship: /xl/worksheets/_rels/sheet1.xml.rels
2024-08-18 19:00:58 DEBUG Parsing relationship: /_rels/.rels
2024-08-18 19:00:58 DEBUG Parsing relationship: /xl/_rels/workbook.xml.rels
2024-08-18 19:00:58 DEBUG Parsing relationship: /xl/worksheets/_rels/sheet1.xml.rels
2024-08-18 19:00:58 DEBUG Parsing relationship: /_rels/.rels
2024-08-18 19:00:58 DEBUG Parsing relationship: /xl/_rels/workbook.xml.rels
2024-08-18 19:00:58 DEBUG Parsing relationship: /xl/worksheets/_rels/sheet1.xml.rels
2024-08-18 19:00:58 DEBUG Parsing relationship: /_rels/.rels
2024-08-18 19:00:58 DEBUG Parsing relationship: /xl/_rels/workbook.xml.rels
2024-08-18 19:00:58 DEBUG Parsing relationship: /xl/worksheets/_rels/sheet1.xml.rels
2024-08-18 19:00:58 DEBUG Parsing relationship: /_rels/.rels
2024-08-18 19:00:58 DEBUG Parsing relationship: /xl/_rels/workbook.xml.rels
2024-08-18 19:00:58 DEBUG Parsing relationship: /xl/worksheets/_rels/sheet1.xml.rels
2024-08-18 19:00:58 DEBUG Parsing relationship: /_rels/.rels
2024-08-18 19:00:58 DEBUG Parsing relationship: /xl/_rels/workbook.xml.rels
2024-08-18 19:00:58 DEBUG Parsing relationship: /xl/worksheets/_rels/sheet1.xml.rels
2024-08-18 19:00:58 DEBUG Parsing relationship: /_rels/.rels
2024-08-18 19:00:58 DEBUG Parsing relationship: /xl/_rels/workbook.xml.rels
2024-08-18 19:00:58 DEBUG Parsing relationship: /xl/worksheets/_rels/sheet1.xml.rels
2024-08-18 19:00:58 DEBUG Parsing relationship: /_rels/.rels
2024-08-18 19:00:58 DEBUG Parsing relationship: /xl/_rels/workbook.xml.rels
2024-08-18 19:00:58 DEBUG Parsing relationship: /xl/worksheets/_rels/sheet1.xml.rels
2024-08-18 19:00:58 DEBUG Parsing relationship: /_rels/.rels
2024-08-18 19:00:58 DEBUG Parsing relationship: /xl/_rels/workbook.xml.rels
2024-08-18 19:00:58 DEBUG Parsing relationship: /xl/worksheets/_rels/sheet1.xml.rels
2024-08-18 19:00:58 DEBUG Parsing relationship: /_rels/.rels
2024-08-18 19:00:58 DEBUG Parsing relationship: /xl/_rels/workbook.xml.rels
2024-08-18 19:00:58 DEBUG Parsing relationship: /xl/worksheets/_rels/sheet1.xml.rels
2024-08-18 19:00:58 DEBUG Parsing relationship: /_rels/.rels
2024-08-18 19:00:58 DEBUG Parsing relationship: /xl/_rels/workbook.xml.rels
2024-08-18 19:00:58 DEBUG Parsing relationship: /xl/worksheets/_rels/sheet1.xml.rels
2024-08-18 19:00:58 DEBUG Parsing relationship: /_rels/.rels
2024-08-18 19:00:58 DEBUG Parsing relationship: /xl/_rels/workbook.xml.rels
2024-08-18 19:00:58 DEBUG Parsing relationship: /xl/worksheets/_rels/sheet1.xml.rels
2024-08-18 19:00:58 DEBUG Parsing relationship: /_rels/.rels
2024-08-18 19:00:59 DEBUG Parsing relationship: /xl/_rels/workbook.xml.rels
2024-08-18 19:00:59 DEBUG Parsing relationship: /xl/worksheets/_rels/sheet1.xml.rels
2024-08-18 19:00:59 DEBUG Parsing relationship: /_rels/.rels
2024-08-18 19:00:59 DEBUG Parsing relationship: /xl/_rels/workbook.xml.rels
2024-08-18 19:00:59 DEBUG Parsing relationship: /xl/worksheets/_rels/sheet1.xml.rels
2024-08-18 19:00:59 DEBUG Parsing relationship: /_rels/.rels
2024-08-18 19:01:17 DEBUG Parsing relationship: /xl/_rels/workbook.xml.rels
2024-08-18 19:01:17 DEBUG Parsing relationship: /xl/worksheets/_rels/sheet1.xml.rels
2024-08-18 19:01:17 DEBUG Parsing relationship: /_rels/.rels
2024-08-18 19:01:17 DEBUG Parsing relationship: /xl/_rels/workbook.xml.rels
2024-08-18 19:01:17 DEBUG Parsing relationship: /xl/worksheets/_rels/sheet1.xml.rels
2024-08-18 19:01:17 DEBUG Parsing relationship: /_rels/.rels
2024-08-18 19:01:17 DEBUG Parsing relationship: /xl/_rels/workbook.xml.rels
2024-08-18 19:01:17 DEBUG Parsing relationship: /xl/worksheets/_rels/sheet1.xml.rels
2024-08-18 19:01:17 DEBUG Parsing relationship: /_rels/.rels
2024-08-18 19:01:17 DEBUG Parsing relationship: /xl/_rels/workbook.xml.rels
2024-08-18 19:01:17 DEBUG Parsing relationship: /xl/worksheets/_rels/sheet1.xml.rels
2024-08-18 19:01:17 DEBUG Parsing relationship: /_rels/.rels
2024-08-18 19:01:17 DEBUG Parsing relationship: /xl/_rels/workbook.xml.rels
2024-08-18 19:01:17 DEBUG Parsing relationship: /xl/worksheets/_rels/sheet1.xml.rels
2024-08-18 19:01:17 DEBUG Parsing relationship: /_rels/.rels
2024-08-18 19:01:21 DEBUG Parsing relationship: /xl/_rels/workbook.xml.rels
2024-08-18 19:01:21 DEBUG Parsing relationship: /xl/worksheets/_rels/sheet1.xml.rels
2024-08-18 19:01:21 DEBUG Parsing relationship: /_rels/.rels
2024-08-18 19:01:21 DEBUG Parsing relationship: /xl/_rels/workbook.xml.rels
2024-08-18 19:01:21 DEBUG Parsing relationship: /xl/worksheets/_rels/sheet1.xml.rels
2024-08-18 19:01:21 DEBUG Parsing relationship: /_rels/.rels
2024-08-18 19:01:22 DEBUG Parsing relationship: /xl/_rels/workbook.xml.rels
2024-08-18 19:01:22 DEBUG Parsing relationship: /xl/worksheets/_rels/sheet1.xml.rels
2024-08-18 19:01:22 DEBUG Parsing relationship: /_rels/.rels
2024-08-18 19:01:22 DEBUG Parsing relationship: /xl/_rels/workbook.xml.rels
2024-08-18 19:01:22 DEBUG Parsing relationship: /xl/worksheets/_rels/sheet1.xml.rels
2024-08-18 19:01:22 DEBUG Parsing relationship: /_rels/.rels
2024-08-18 19:01:22 DEBUG Parsing relationship: /xl/_rels/workbook.xml.rels
2024-08-18 19:01:22 DEBUG Parsing relationship: /xl/worksheets/_rels/sheet1.xml.rels
2024-08-18 19:01:22 DEBUG Parsing relationship: /_rels/.rels
2024-08-18 19:01:26 INFO  Post method Started
2024-08-18 19:01:28 INFO  Post method Ended
2024-08-18 19:01:28 INFO  Get method Started
2024-08-18 19:01:29 INFO  Get method Ended
2024-08-18 19:01:29 INFO  Put method Started
2024-08-18 19:01:30 INFO  Get method Started
2024-08-18 19:01:31 INFO  Get method Ended
2024-08-18 19:01:31 INFO  Put method Ended
2024-08-18 19:01:31 INFO  Delete method Started
2024-08-18 19:01:32 INFO  Delete method Ended
